Analysis & Synthesis report for DFG
Wed Mar 18 21:20:28 2026
Quartus Prime Version 18.1.0 Build 625 09/12/2018 SJ Lite Edition


---------------------
; Table of Contents ;
---------------------
  1. Legal Notice
  2. Analysis & Synthesis Summary
  3. Analysis & Synthesis Settings
  4. Parallel Compilation
  5. Analysis & Synthesis Source Files Read
  6. Analysis & Synthesis Resource Usage Summary
  7. Analysis & Synthesis Resource Utilization by Entity
  8. Analysis & Synthesis RAM Summary
  9. Analysis & Synthesis IP Cores Summary
 10. General Register Statistics
 11. Inverted Register Statistics
 12. Source assignments for multiData:inst|altsyncram:altsyncram_component|altsyncram_4d91:auto_generated
 13. Parameter Settings for User Entity Instance: multiData:inst|altsyncram:altsyncram_component
 14. altsyncram Parameter Settings by Entity Instance
 15. Post-Synthesis Netlist Statistics for Top Partition
 16. Elapsed Time Per Partition
 17. Analysis & Synthesis Messages



----------------
; Legal Notice ;
----------------
Copyright (C) 2018  Intel Corporation. All rights reserved.
Your use of Intel Corporation's design tools, logic functions 
and other software and tools, and its AMPP partner logic 
functions, and any output files from any of the foregoing 
(including device programming or simulation files), and any 
associated documentation or information are expressly subject 
to the terms and conditions of the Intel Program License 
Subscription Agreement, the Intel Quartus Prime License Agreement,
the Intel FPGA IP License Agreement, or other applicable license
agreement, including, without limitation, that your use is for
the sole purpose of programming logic devices manufactured by
Intel and sold by Intel or its authorized distributors.  Please
refer to the applicable agreement for further details.



+----------------------------------------------------------------------------------+
; Analysis & Synthesis Summary                                                     ;
+------------------------------------+---------------------------------------------+
; Analysis & Synthesis Status        ; Successful - Wed Mar 18 21:20:28 2026       ;
; Quartus Prime Version              ; 18.1.0 Build 625 09/12/2018 SJ Lite Edition ;
; Revision Name                      ; DFG                                         ;
; Top-level Entity Name              ; final                                       ;
; Family                             ; Cyclone IV E                                ;
; Total logic elements               ; 92                                          ;
;     Total combinational functions  ; 90                                          ;
;     Dedicated logic registers      ; 45                                          ;
; Total registers                    ; 45                                          ;
; Total pins                         ; 38                                          ;
; Total virtual pins                 ; 0                                           ;
; Total memory bits                  ; 8,192                                       ;
; Embedded Multiplier 9-bit elements ; 0                                           ;
; Total PLLs                         ; 0                                           ;
+------------------------------------+---------------------------------------------+


+------------------------------------------------------------------------------------------------------------+
; Analysis & Synthesis Settings                                                                              ;
+------------------------------------------------------------------+--------------------+--------------------+
; Option                                                           ; Setting            ; Default Value      ;
+------------------------------------------------------------------+--------------------+--------------------+
; Device                                                           ; EP4CE6E22C8        ;                    ;
; Top-level entity name                                            ; final              ; DFG                ;
; Family name                                                      ; Cyclone IV E       ; Cyclone V          ;
; Use smart compilation                                            ; Off                ; Off                ;
; Enable parallel Assembler and Timing Analyzer during compilation ; On                 ; On                 ;
; Enable compact report table                                      ; Off                ; Off                ;
; Restructure Multiplexers                                         ; Auto               ; Auto               ;
; Create Debugging Nodes for IP Cores                              ; Off                ; Off                ;
; Preserve fewer node names                                        ; On                 ; On                 ;
; Intel FPGA IP Evaluation Mode                                    ; Enable             ; Enable             ;
; Verilog Version                                                  ; Verilog_2001       ; Verilog_2001       ;
; VHDL Version                                                     ; VHDL_1993          ; VHDL_1993          ;
; State Machine Processing                                         ; Auto               ; Auto               ;
; Safe State Machine                                               ; Off                ; Off                ;
; Extract Verilog State Machines                                   ; On                 ; On                 ;
; Extract VHDL State Machines                                      ; On                 ; On                 ;
; Ignore Verilog initial constructs                                ; Off                ; Off                ;
; Iteration limit for constant Verilog loops                       ; 5000               ; 5000               ;
; Iteration limit for non-constant Verilog loops                   ; 250                ; 250                ;
; Add Pass-Through Logic to Inferred RAMs                          ; On                 ; On                 ;
; Infer RAMs from Raw Logic                                        ; On                 ; On                 ;
; Parallel Synthesis                                               ; On                 ; On                 ;
; DSP Block Balancing                                              ; Auto               ; Auto               ;
; NOT Gate Push-Back                                               ; On                 ; On                 ;
; Power-Up Don't Care                                              ; On                 ; On                 ;
; Remove Redundant Logic Cells                                     ; Off                ; Off                ;
; Remove Duplicate Registers                                       ; On                 ; On                 ;
; Ignore CARRY Buffers                                             ; Off                ; Off                ;
; Ignore CASCADE Buffers                                           ; Off                ; Off                ;
; Ignore GLOBAL Buffers                                            ; Off                ; Off                ;
; Ignore ROW GLOBAL Buffers                                        ; Off                ; Off                ;
; Ignore LCELL Buffers                                             ; Off                ; Off                ;
; Ignore SOFT Buffers                                              ; On                 ; On                 ;
; Limit AHDL Integers to 32 Bits                                   ; Off                ; Off                ;
; Optimization Technique                                           ; Balanced           ; Balanced           ;
; Carry Chain Length                                               ; 70                 ; 70                 ;
; Auto Carry Chains                                                ; On                 ; On                 ;
; Auto Open-Drain Pins                                             ; On                 ; On                 ;
; Perform WYSIWYG Primitive Resynthesis                            ; Off                ; Off                ;
; Auto ROM Replacement                                             ; On                 ; On                 ;
; Auto RAM Replacement                                             ; On                 ; On                 ;
; Auto DSP Block Replacement                                       ; On                 ; On                 ;
; Auto Shift Register Replacement                                  ; Auto               ; Auto               ;
; Allow Shift Register Merging across Hierarchies                  ; Auto               ; Auto               ;
; Auto Clock Enable Replacement                                    ; On                 ; On                 ;
; Strict RAM Replacement                                           ; Off                ; Off                ;
; Allow Synchronous Control Signals                                ; On                 ; On                 ;
; Force Use of Synchronous Clear Signals                           ; Off                ; Off                ;
; Auto RAM Block Balancing                                         ; On                 ; On                 ;
; Auto RAM to Logic Cell Conversion                                ; Off                ; Off                ;
; Auto Resource Sharing                                            ; Off                ; Off                ;
; Allow Any RAM Size For Recognition                               ; Off                ; Off                ;
; Allow Any ROM Size For Recognition                               ; Off                ; Off                ;
; Allow Any Shift Register Size For Recognition                    ; Off                ; Off                ;
; Use LogicLock Constraints during Resource Balancing              ; On                 ; On                 ;
; Ignore translate_off and synthesis_off directives                ; Off                ; Off                ;
; Timing-Driven Synthesis                                          ; On                 ; On                 ;
; Report Parameter Settings                                        ; On                 ; On                 ;
; Report Source Assignments                                        ; On                 ; On                 ;
; Report Connectivity Checks                                       ; On                 ; On                 ;
; Ignore Maximum Fan-Out Assignments                               ; Off                ; Off                ;
; Synchronization Register Chain Length                            ; 2                  ; 2                  ;
; Power Optimization During Synthesis                              ; Normal compilation ; Normal compilation ;
; HDL message level                                                ; Level2             ; Level2             ;
; Suppress Register Optimization Related Messages                  ; Off                ; Off                ;
; Number of Removed Registers Reported in Synthesis Report         ; 5000               ; 5000               ;
; Number of Swept Nodes Reported in Synthesis Report               ; 5000               ; 5000               ;
; Number of Inverted Registers Reported in Synthesis Report        ; 100                ; 100                ;
; Clock MUX Protection                                             ; On                 ; On                 ;
; Auto Gated Clock Conversion                                      ; Off                ; Off                ;
; Block Design Naming                                              ; Auto               ; Auto               ;
; SDC constraint protection                                        ; Off                ; Off                ;
; Synthesis Effort                                                 ; Auto               ; Auto               ;
; Shift Register Replacement - Allow Asynchronous Clear Signal     ; On                 ; On                 ;
; Pre-Mapping Resynthesis Optimization                             ; Off                ; Off                ;
; Analysis & Synthesis Message Level                               ; Medium             ; Medium             ;
; Disable Register Merging Across Hierarchies                      ; Auto               ; Auto               ;
; Resource Aware Inference For Block RAM                           ; On                 ; On                 ;
+------------------------------------------------------------------+--------------------+--------------------+


+------------------------------------------+
; Parallel Compilation                     ;
+----------------------------+-------------+
; Processors                 ; Number      ;
+----------------------------+-------------+
; Number detected on machine ; 32          ;
; Maximum allowed            ; 16          ;
;                            ;             ;
; Average used               ; 1.00        ;
; Maximum used               ; 16          ;
;                            ;             ;
; Usage by Processor         ; % Time Used ;
;     Processor 1            ; 100.0%      ;
;     Processors 2-16        ;   0.0%      ;
+----------------------------+-------------+


+--------------------------------------------------------------------------------------------------------------------------------------------------------------------------------------+
; Analysis & Synthesis Source Files Read                                                                                                                                               ;
+----------------------------------+-----------------+----------------------------------------+------------------------------------------------------------------------------+---------+
; File Name with User-Entered Path ; Used in Netlist ; File Type                              ; File Name with Absolute Path                                                 ; Library ;
+----------------------------------+-----------------+----------------------------------------+------------------------------------------------------------------------------+---------+
; final.bdf                        ; yes             ; User Block Diagram/Schematic File      ; D:/EDA/DigitalFrequencyGenerator/final.bdf                                   ;         ;
; rc_oscillator.v                  ; yes             ; User Verilog HDL File                  ; D:/EDA/DigitalFrequencyGenerator/rc_oscillator.v                             ;         ;
; dds_phase_acc.v                  ; yes             ; User Verilog HDL File                  ; D:/EDA/DigitalFrequencyGenerator/dds_phase_acc.v                             ;         ;
; freq_decoder.v                   ; yes             ; User Verilog HDL File                  ; D:/EDA/DigitalFrequencyGenerator/freq_decoder.v                              ;         ;
; debounce_counter.v               ; yes             ; User Verilog HDL File                  ; D:/EDA/DigitalFrequencyGenerator/debounce_counter.v                          ;         ;
; decade_counter.v                 ; yes             ; User Verilog HDL File                  ; D:/EDA/DigitalFrequencyGenerator/decade_counter.v                            ;         ;
; clk_divider.v                    ; yes             ; User Verilog HDL File                  ; D:/EDA/DigitalFrequencyGenerator/clk_divider.v                               ;         ;
; multiData.v                      ; yes             ; User Wizard-Generated File             ; D:/EDA/DigitalFrequencyGenerator/multiData.v                                 ;         ;
; amp_adjust.v                     ; yes             ; User Verilog HDL File                  ; D:/EDA/DigitalFrequencyGenerator/amp_adjust.v                                ;         ;
; altsyncram.tdf                   ; yes             ; Megafunction                           ; c:/intelfpga_lite/18.1/quartus/libraries/megafunctions/altsyncram.tdf        ;         ;
; stratix_ram_block.inc            ; yes             ; Megafunction                           ; c:/intelfpga_lite/18.1/quartus/libraries/megafunctions/stratix_ram_block.inc ;         ;
; lpm_mux.inc                      ; yes             ; Megafunction                           ; c:/intelfpga_lite/18.1/quartus/libraries/megafunctions/lpm_mux.inc           ;         ;
; lpm_decode.inc                   ; yes             ; Megafunction                           ; c:/intelfpga_lite/18.1/quartus/libraries/megafunctions/lpm_decode.inc        ;         ;
; aglobal181.inc                   ; yes             ; Megafunction                           ; c:/intelfpga_lite/18.1/quartus/libraries/megafunctions/aglobal181.inc        ;         ;
; a_rdenreg.inc                    ; yes             ; Megafunction                           ; c:/intelfpga_lite/18.1/quartus/libraries/megafunctions/a_rdenreg.inc         ;         ;
; altrom.inc                       ; yes             ; Megafunction                           ; c:/intelfpga_lite/18.1/quartus/libraries/megafunctions/altrom.inc            ;         ;
; altram.inc                       ; yes             ; Megafunction                           ; c:/intelfpga_lite/18.1/quartus/libraries/megafunctions/altram.inc            ;         ;
; altdpram.inc                     ; yes             ; Megafunction                           ; c:/intelfpga_lite/18.1/quartus/libraries/megafunctions/altdpram.inc          ;         ;
; db/altsyncram_4d91.tdf           ; yes             ; Auto-Generated Megafunction            ; D:/EDA/DigitalFrequencyGenerator/db/altsyncram_4d91.tdf                      ;         ;
; afgdata.hex                      ; yes             ; Auto-Found Memory Initialization File  ; D:/EDA/DigitalFrequencyGenerator/afgdata.hex                                 ;         ;
+----------------------------------+-----------------+----------------------------------------+------------------------------------------------------------------------------+---------+


+--------------------------------------------------------+
; Analysis & Synthesis Resource Usage Summary            ;
+---------------------------------------------+----------+
; Resource                                    ; Usage    ;
+---------------------------------------------+----------+
; Estimated Total logic elements              ; 92       ;
;                                             ;          ;
; Total combinational functions               ; 90       ;
; Logic element usage by number of LUT inputs ;          ;
;     -- 4 input functions                    ; 35       ;
;     -- 3 input functions                    ; 28       ;
;     -- <=2 input functions                  ; 27       ;
;                                             ;          ;
; Logic elements by mode                      ;          ;
;     -- normal mode                          ; 55       ;
;     -- arithmetic mode                      ; 35       ;
;                                             ;          ;
; Total registers                             ; 45       ;
;     -- Dedicated logic registers            ; 45       ;
;     -- I/O registers                        ; 0        ;
;                                             ;          ;
; I/O pins                                    ; 38       ;
; Total memory bits                           ; 8192     ;
;                                             ;          ;
; Embedded Multiplier 9-bit elements          ; 0        ;
;                                             ;          ;
; Maximum fan-out node                        ; Ry~input ;
; Maximum fan-out                             ; 51       ;
; Total fan-out                               ; 529      ;
; Average fan-out                             ; 2.42     ;
+---------------------------------------------+----------+


+-----------------------------------------------------------------------------------------------------------------------------------------------------------------------------------------------------------------------------------------------------------------------------------------------+
; Analysis & Synthesis Resource Utilization by Entity                                                                                                                                                                                                                                           ;
+-------------------------------------------+---------------------+---------------------------+-------------+--------------+---------+-----------+------+--------------+--------------------------------------------------------------------------------------+------------------+--------------+
; Compilation Hierarchy Node                ; Combinational ALUTs ; Dedicated Logic Registers ; Memory Bits ; DSP Elements ; DSP 9x9 ; DSP 18x18 ; Pins ; Virtual Pins ; Full Hierarchy Name                                                                  ; Entity Name      ; Library Name ;
+-------------------------------------------+---------------------+---------------------------+-------------+--------------+---------+-----------+------+--------------+--------------------------------------------------------------------------------------+------------------+--------------+
; |final                                    ; 90 (0)              ; 45 (0)                    ; 8192        ; 0            ; 0       ; 0         ; 38   ; 0            ; |final                                                                               ; final            ; work         ;
;    |amp_adjust:inst3|                     ; 14 (14)             ; 0 (0)                     ; 0           ; 0            ; 0       ; 0         ; 0    ; 0            ; |final|amp_adjust:inst3                                                              ; amp_adjust       ; work         ;
;    |clk_divider:inst6|                    ; 16 (16)             ; 10 (10)                   ; 0           ; 0            ; 0       ; 0         ; 0    ; 0            ; |final|clk_divider:inst6                                                             ; clk_divider      ; work         ;
;    |dds_phase_acc:inst2|                  ; 24 (24)             ; 24 (24)                   ; 0           ; 0            ; 0       ; 0         ; 0    ; 0            ; |final|dds_phase_acc:inst2                                                           ; dds_phase_acc    ; work         ;
;    |debounce_counter:inst5|               ; 7 (7)               ; 5 (5)                     ; 0           ; 0            ; 0       ; 0         ; 0    ; 0            ; |final|debounce_counter:inst5                                                        ; debounce_counter ; work         ;
;    |decade_counter:inst4|                 ; 5 (5)               ; 6 (6)                     ; 0           ; 0            ; 0       ; 0         ; 0    ; 0            ; |final|decade_counter:inst4                                                          ; decade_counter   ; work         ;
;    |freq_decoder:inst1|                   ; 24 (24)             ; 0 (0)                     ; 0           ; 0            ; 0       ; 0         ; 0    ; 0            ; |final|freq_decoder:inst1                                                            ; freq_decoder     ; work         ;
;    |multiData:inst|                       ; 0 (0)               ; 0 (0)                     ; 8192        ; 0            ; 0       ; 0         ; 0    ; 0            ; |final|multiData:inst                                                                ; multiData        ; work         ;
;       |altsyncram:altsyncram_component|   ; 0 (0)               ; 0 (0)                     ; 8192        ; 0            ; 0       ; 0         ; 0    ; 0            ; |final|multiData:inst|altsyncram:altsyncram_component                                ; altsyncram       ; work         ;
;          |altsyncram_4d91:auto_generated| ; 0 (0)               ; 0 (0)                     ; 8192        ; 0            ; 0       ; 0         ; 0    ; 0            ; |final|multiData:inst|altsyncram:altsyncram_component|altsyncram_4d91:auto_generated ; altsyncram_4d91  ; work         ;
+-------------------------------------------+---------------------+---------------------------+-------------+--------------+---------+-----------+------+--------------+--------------------------------------------------------------------------------------+------------------+--------------+
Note: For table entries with two numbers listed, the numbers in parentheses indicate the number of resources of the given type used by the specific entity alone. The numbers listed outside of parentheses indicate the total resources of the given type used by the specific entity and all of its sub-entities in the hierarchy.


+-----------------------------------------------------------------------------------------------------------------------------------------------------------------------------------------+
; Analysis & Synthesis RAM Summary                                                                                                                                                        ;
+------------------------------------------------------------------------------------------+------+------+--------------+--------------+--------------+--------------+------+-------------+
; Name                                                                                     ; Type ; Mode ; Port A Depth ; Port A Width ; Port B Depth ; Port B Width ; Size ; MIF         ;
+------------------------------------------------------------------------------------------+------+------+--------------+--------------+--------------+--------------+------+-------------+
; multiData:inst|altsyncram:altsyncram_component|altsyncram_4d91:auto_generated|ALTSYNCRAM ; AUTO ; ROM  ; 1024         ; 8            ; --           ; --           ; 8192 ; afgdata.hex ;
+------------------------------------------------------------------------------------------+------+------+--------------+--------------+--------------+--------------+------+-------------+


+---------------------------------------------------------------------------------------------------------+
; Analysis & Synthesis IP Cores Summary                                                                   ;
+--------+--------------+---------+--------------+--------------+-----------------------+-----------------+
; Vendor ; IP Core Name ; Version ; Release Date ; License Type ; Entity Instance       ; IP Include File ;
+--------+--------------+---------+--------------+--------------+-----------------------+-----------------+
; Altera ; ROM: 1-PORT  ; 18.1    ; N/A          ; N/A          ; |final|multiData:inst ; multiData.v     ;
+--------+--------------+---------+--------------+--------------+-----------------------+-----------------+


+------------------------------------------------------+
; General Register Statistics                          ;
+----------------------------------------------+-------+
; Statistic                                    ; Value ;
+----------------------------------------------+-------+
; Total registers                              ; 45    ;
; Number of registers using Synchronous Clear  ; 0     ;
; Number of registers using Synchronous Load   ; 0     ;
; Number of registers using Asynchronous Clear ; 5     ;
; Number of registers using Asynchronous Load  ; 0     ;
; Number of registers using Clock Enable       ; 3     ;
; Number of registers using Preset             ; 0     ;
+----------------------------------------------+-------+


+--------------------------------------------------+
; Inverted Register Statistics                     ;
+----------------------------------------+---------+
; Inverted Register                      ; Fan out ;
+----------------------------------------+---------+
; decade_counter:inst4|kout_d0           ; 2       ;
; decade_counter:inst4|kout_d1           ; 1       ;
; Total number of inverted registers = 2 ;         ;
+----------------------------------------+---------+


+------------------------------------------------------------------------------------------------------+
; Source assignments for multiData:inst|altsyncram:altsyncram_component|altsyncram_4d91:auto_generated ;
+---------------------------------+--------------------+------+----------------------------------------+
; Assignment                      ; Value              ; From ; To                                     ;
+---------------------------------+--------------------+------+----------------------------------------+
; OPTIMIZE_POWER_DURING_SYNTHESIS ; NORMAL_COMPILATION ; -    ; -                                      ;
+---------------------------------+--------------------+------+----------------------------------------+


+---------------------------------------------------------------------------------------------+
; Parameter Settings for User Entity Instance: multiData:inst|altsyncram:altsyncram_component ;
+------------------------------------+----------------------+---------------------------------+
; Parameter Name                     ; Value                ; Type                            ;
+------------------------------------+----------------------+---------------------------------+
; BYTE_SIZE_BLOCK                    ; 8                    ; Untyped                         ;
; AUTO_CARRY_CHAINS                  ; ON                   ; AUTO_CARRY                      ;
; IGNORE_CARRY_BUFFERS               ; OFF                  ; IGNORE_CARRY                    ;
; AUTO_CASCADE_CHAINS                ; ON                   ; AUTO_CASCADE                    ;
; IGNORE_CASCADE_BUFFERS             ; OFF                  ; IGNORE_CASCADE                  ;
; WIDTH_BYTEENA                      ; 1                    ; Untyped                         ;
; OPERATION_MODE                     ; ROM                  ; Untyped                         ;
; WIDTH_A                            ; 8                    ; Signed Integer                  ;
; WIDTHAD_A                          ; 10                   ; Signed Integer                  ;
; NUMWORDS_A                         ; 1024                 ; Signed Integer                  ;
; OUTDATA_REG_A                      ; CLOCK0               ; Untyped                         ;
; ADDRESS_ACLR_A                     ; NONE                 ; Untyped                         ;
; OUTDATA_ACLR_A                     ; NONE                 ; Untyped                         ;
; WRCONTROL_ACLR_A                   ; NONE                 ; Untyped                         ;
; INDATA_ACLR_A                      ; NONE                 ; Untyped                         ;
; BYTEENA_ACLR_A                     ; NONE                 ; Untyped                         ;
; WIDTH_B                            ; 1                    ; Untyped                         ;
; WIDTHAD_B                          ; 1                    ; Untyped                         ;
; NUMWORDS_B                         ; 1                    ; Untyped                         ;
; INDATA_REG_B                       ; CLOCK1               ; Untyped                         ;
; WRCONTROL_WRADDRESS_REG_B          ; CLOCK1               ; Untyped                         ;
; RDCONTROL_REG_B                    ; CLOCK1               ; Untyped                         ;
; ADDRESS_REG_B                      ; CLOCK1               ; Untyped                         ;
; OUTDATA_REG_B                      ; UNREGISTERED         ; Untyped                         ;
; BYTEENA_REG_B                      ; CLOCK1               ; Untyped                         ;
; INDATA_ACLR_B                      ; NONE                 ; Untyped                         ;
; WRCONTROL_ACLR_B                   ; NONE                 ; Untyped                         ;
; ADDRESS_ACLR_B                     ; NONE                 ; Untyped                         ;
; OUTDATA_ACLR_B                     ; NONE                 ; Untyped                         ;
; RDCONTROL_ACLR_B                   ; NONE                 ; Untyped                         ;
; BYTEENA_ACLR_B                     ; NONE                 ; Untyped                         ;
; WIDTH_BYTEENA_A                    ; 1                    ; Signed Integer                  ;
; WIDTH_BYTEENA_B                    ; 1                    ; Untyped                         ;
; RAM_BLOCK_TYPE                     ; AUTO                 ; Untyped                         ;
; BYTE_SIZE                          ; 8                    ; Untyped                         ;
; READ_DURING_WRITE_MODE_MIXED_PORTS ; DONT_CARE            ; Untyped                         ;
; READ_DURING_WRITE_MODE_PORT_A      ; NEW_DATA_NO_NBE_READ ; Untyped                         ;
; READ_DURING_WRITE_MODE_PORT_B      ; NEW_DATA_NO_NBE_READ ; Untyped                         ;
; INIT_FILE                          ; afgdata.hex          ; Untyped                         ;
; INIT_FILE_LAYOUT                   ; PORT_A               ; Untyped                         ;
; MAXIMUM_DEPTH                      ; 0                    ; Untyped                         ;
; CLOCK_ENABLE_INPUT_A               ; BYPASS               ; Untyped                         ;
; CLOCK_ENABLE_INPUT_B               ; NORMAL               ; Untyped                         ;
; CLOCK_ENABLE_OUTPUT_A              ; BYPASS               ; Untyped                         ;
; CLOCK_ENABLE_OUTPUT_B              ; NORMAL               ; Untyped                         ;
; CLOCK_ENABLE_CORE_A                ; USE_INPUT_CLKEN      ; Untyped                         ;
; CLOCK_ENABLE_CORE_B                ; USE_INPUT_CLKEN      ; Untyped                         ;
; ENABLE_ECC                         ; FALSE                ; Untyped                         ;
; ECC_PIPELINE_STAGE_ENABLED         ; FALSE                ; Untyped                         ;
; WIDTH_ECCSTATUS                    ; 3                    ; Untyped                         ;
; DEVICE_FAMILY                      ; Cyclone IV E         ; Untyped                         ;
; CBXI_PARAMETER                     ; altsyncram_4d91      ; Untyped                         ;
+------------------------------------+----------------------+---------------------------------+
Note: In order to hide this table in the UI and the text report file, please set the "Show Parameter Settings in Synthesis Report" option in "Analysis and Synthesis Settings -> More Settings" to "Off".


+--------------------------------------------------------------------------------------------+
; altsyncram Parameter Settings by Entity Instance                                           ;
+-------------------------------------------+------------------------------------------------+
; Name                                      ; Value                                          ;
+-------------------------------------------+------------------------------------------------+
; Number of entity instances                ; 1                                              ;
; Entity Instance                           ; multiData:inst|altsyncram:altsyncram_component ;
;     -- OPERATION_MODE                     ; ROM                                            ;
;     -- WIDTH_A                            ; 8                                              ;
;     -- NUMWORDS_A                         ; 1024                                           ;
;     -- OUTDATA_REG_A                      ; CLOCK0                                         ;
;     -- WIDTH_B                            ; 1                                              ;
;     -- NUMWORDS_B                         ; 1                                              ;
;     -- ADDRESS_REG_B                      ; CLOCK1                                         ;
;     -- OUTDATA_REG_B                      ; UNREGISTERED                                   ;
;     -- RAM_BLOCK_TYPE                     ; AUTO                                           ;
;     -- READ_DURING_WRITE_MODE_MIXED_PORTS ; DONT_CARE                                      ;
+-------------------------------------------+------------------------------------------------+


+-----------------------------------------------------+
; Post-Synthesis Netlist Statistics for Top Partition ;
+-----------------------+-----------------------------+
; Type                  ; Count                       ;
+-----------------------+-----------------------------+
; boundary_port         ; 38                          ;
; cycloneiii_ff         ; 45                          ;
;     CLR               ; 5                           ;
;     ENA               ; 3                           ;
;     plain             ; 37                          ;
; cycloneiii_lcell_comb ; 95                          ;
;     arith             ; 35                          ;
;         2 data inputs ; 20                          ;
;         3 data inputs ; 15                          ;
;     normal            ; 60                          ;
;         0 data inputs ; 1                           ;
;         1 data inputs ; 8                           ;
;         2 data inputs ; 3                           ;
;         3 data inputs ; 13                          ;
;         4 data inputs ; 35                          ;
; cycloneiii_ram_block  ; 8                           ;
;                       ;                             ;
; Max LUT depth         ; 4.30                        ;
; Average LUT depth     ; 2.53                        ;
+-----------------------+-----------------------------+


+-------------------------------+
; Elapsed Time Per Partition    ;
+----------------+--------------+
; Partition Name ; Elapsed Time ;
+----------------+--------------+
; Top            ; 00:00:00     ;
+----------------+--------------+


+-------------------------------+
; Analysis & Synthesis Messages ;
+-------------------------------+
Info: *******************************************************************
Info: Running Quartus Prime Analysis & Synthesis
    Info: Version 18.1.0 Build 625 09/12/2018 SJ Lite Edition
    Info: Processing started: Wed Mar 18 21:20:15 2026
Info: Command: quartus_map --read_settings_files=on --write_settings_files=off DFG -c DFG
Warning (18236): Number of processors has not been specified which may cause overloading on shared machines.  Set the global assignment NUM_PARALLEL_PROCESSORS in your QSF to an appropriate value for best performance.
Info (20030): Parallel compilation is enabled and will use 16 of the 32 processors detected
Info (12021): Found 1 design units, including 1 entities, in source file rc.bdf
    Info (12023): Found entity 1: RC
Info (12021): Found 1 design units, including 1 entities, in source file final.bdf
    Info (12023): Found entity 1: final
Info (12021): Found 1 design units, including 1 entities, in source file changable.bdf
    Info (12023): Found entity 1: changable
Info (12021): Found 1 design units, including 1 entities, in source file singen.bdf
    Info (12023): Found entity 1: sinGen
Info (12021): Found 1 design units, including 1 entities, in source file rc_oscillator.v
    Info (12023): Found entity 1: rc_oscillator File: D:/EDA/DigitalFrequencyGenerator/rc_oscillator.v Line: 3
Info (12021): Found 1 design units, including 1 entities, in source file tb_rc_oscillator.v
    Info (12023): Found entity 1: tb_rc_oscillator File: D:/EDA/DigitalFrequencyGenerator/tb_rc_oscillator.v Line: 3
Info (12021): Found 1 design units, including 1 entities, in source file dfg.bdf
    Info (12023): Found entity 1: DFG
Info (12021): Found 1 design units, including 1 entities, in source file sawtooth_gen.v
    Info (12023): Found entity 1: sawtooth_gen File: D:/EDA/DigitalFrequencyGenerator/sawtooth_gen.v Line: 1
Info (12021): Found 1 design units, including 1 entities, in source file sine_rom.v
    Info (12023): Found entity 1: sine_rom File: D:/EDA/DigitalFrequencyGenerator/sine_rom.v Line: 39
Info (12021): Found 1 design units, including 1 entities, in source file tb_sine.v
    Info (12023): Found entity 1: tb_sine File: D:/EDA/DigitalFrequencyGenerator/tb_sine.v Line: 3
Info (12021): Found 1 design units, including 1 entities, in source file dds_phase_acc.v
    Info (12023): Found entity 1: dds_phase_acc File: D:/EDA/DigitalFrequencyGenerator/dds_phase_acc.v Line: 3
Info (12021): Found 1 design units, including 1 entities, in source file tb_dds_phase_acc.v
    Info (12023): Found entity 1: tb_dds_phase_acc File: D:/EDA/DigitalFrequencyGenerator/tb_dds_phase_acc.v Line: 3
Info (12021): Found 1 design units, including 1 entities, in source file tb_dds_system.v
    Info (12023): Found entity 1: tb_dds_system File: D:/EDA/DigitalFrequencyGenerator/tb_dds_system.v Line: 3
Info (12021): Found 1 design units, including 1 entities, in source file freq_decoder.v
    Info (12023): Found entity 1: freq_decoder File: D:/EDA/DigitalFrequencyGenerator/freq_decoder.v Line: 4
Info (12021): Found 1 design units, including 1 entities, in source file tb_freq_decoder.v
    Info (12023): Found entity 1: tb_freq_decoder File: D:/EDA/DigitalFrequencyGenerator/tb_freq_decoder.v Line: 3
Info (12021): Found 1 design units, including 1 entities, in source file debounce_counter.v
    Info (12023): Found entity 1: debounce_counter File: D:/EDA/DigitalFrequencyGenerator/debounce_counter.v Line: 1
Info (12021): Found 1 design units, including 1 entities, in source file tb_debounce_counter.v
    Info (12023): Found entity 1: tb_debounce_counter File: D:/EDA/DigitalFrequencyGenerator/tb_debounce_counter.v Line: 3
Info (12021): Found 1 design units, including 1 entities, in source file decade_counter.v
    Info (12023): Found entity 1: decade_counter File: D:/EDA/DigitalFrequencyGenerator/decade_counter.v Line: 3
Info (12021): Found 1 design units, including 1 entities, in source file tb_decade_counter.v
    Info (12023): Found entity 1: tb_decade_counter File: D:/EDA/DigitalFrequencyGenerator/tb_decade_counter.v Line: 3
Info (12021): Found 1 design units, including 1 entities, in source file clk_divider.v
    Info (12023): Found entity 1: clk_divider File: D:/EDA/DigitalFrequencyGenerator/clk_divider.v Line: 3
Info (12021): Found 1 design units, including 1 entities, in source file tb_clk_divider.v
    Info (12023): Found entity 1: tb_clk_divider File: D:/EDA/DigitalFrequencyGenerator/tb_clk_divider.v Line: 3
Info (12021): Found 1 design units, including 1 entities, in source file tb_top.v
    Info (12023): Found entity 1: tb_top File: D:/EDA/DigitalFrequencyGenerator/tb_top.v Line: 3
Info (12021): Found 1 design units, including 1 entities, in source file multidata.v
    Info (12023): Found entity 1: multiData File: D:/EDA/DigitalFrequencyGenerator/multiData.v Line: 39
Info (12021): Found 1 design units, including 1 entities, in source file amp_adjust.v
    Info (12023): Found entity 1: amp_adjust File: D:/EDA/DigitalFrequencyGenerator/amp_adjust.v Line: 1
Info (12021): Found 1 design units, including 1 entities, in source file tb_top2.v
    Info (12023): Found entity 1: tb_top2 File: D:/EDA/DigitalFrequencyGenerator/tb_top2.v Line: 3
Info (12127): Elaborating entity "final" for the top level hierarchy
Info (12128): Elaborating entity "rc_oscillator" for hierarchy "rc_oscillator:inst7"
Info (12128): Elaborating entity "freq_decoder" for hierarchy "freq_decoder:inst1"
Info (12128): Elaborating entity "decade_counter" for hierarchy "decade_counter:inst4"
Info (12128): Elaborating entity "debounce_counter" for hierarchy "debounce_counter:inst5"
Info (12128): Elaborating entity "clk_divider" for hierarchy "clk_divider:inst6"
Info (12128): Elaborating entity "amp_adjust" for hierarchy "amp_adjust:inst3"
Info (12128): Elaborating entity "multiData" for hierarchy "multiData:inst"
Info (12128): Elaborating entity "altsyncram" for hierarchy "multiData:inst|altsyncram:altsyncram_component" File: D:/EDA/DigitalFrequencyGenerator/multiData.v Line: 81
Info (12130): Elaborated megafunction instantiation "multiData:inst|altsyncram:altsyncram_component" File: D:/EDA/DigitalFrequencyGenerator/multiData.v Line: 81
Info (12133): Instantiated megafunction "multiData:inst|altsyncram:altsyncram_component" with the following parameter: File: D:/EDA/DigitalFrequencyGenerator/multiData.v Line: 81
    Info (12134): Parameter "address_aclr_a" = "NONE"
    Info (12134): Parameter "clock_enable_input_a" = "BYPASS"
    Info (12134): Parameter "clock_enable_output_a" = "BYPASS"
    Info (12134): Parameter "init_file" = "afgdata.hex"
    Info (12134): Parameter "intended_device_family" = "Cyclone IV E"
    Info (12134): Parameter "lpm_hint" = "ENABLE_RUNTIME_MOD=NO"
    Info (12134): Parameter "lpm_type" = "altsyncram"
    Info (12134): Parameter "numwords_a" = "1024"
    Info (12134): Parameter "operation_mode" = "ROM"
    Info (12134): Parameter "outdata_aclr_a" = "NONE"
    Info (12134): Parameter "outdata_reg_a" = "CLOCK0"
    Info (12134): Parameter "widthad_a" = "10"
    Info (12134): Parameter "width_a" = "8"
    Info (12134): Parameter "width_byteena_a" = "1"
Info (12021): Found 1 design units, including 1 entities, in source file db/altsyncram_4d91.tdf
    Info (12023): Found entity 1: altsyncram_4d91 File: D:/EDA/DigitalFrequencyGenerator/db/altsyncram_4d91.tdf Line: 27
Info (12128): Elaborating entity "altsyncram_4d91" for hierarchy "multiData:inst|altsyncram:altsyncram_component|altsyncram_4d91:auto_generated" File: c:/intelfpga_lite/18.1/quartus/libraries/megafunctions/altsyncram.tdf Line: 791
Info (12128): Elaborating entity "dds_phase_acc" for hierarchy "dds_phase_acc:inst2"
Warning (13024): Output pins are stuck at VCC or GND
    Warning (13410): Pin "CC[6]" is stuck at GND
Info (286030): Timing-Driven Synthesis is running
Info (16010): Generating hard_block partition "hard_block:auto_generated_inst"
    Info (16011): Adding 0 node(s), including 0 DDIO, 0 PLL, 0 transceiver and 0 LCELL
Info (21057): Implemented 138 device resources after synthesis - the final resource count might be different
    Info (21058): Implemented 6 input pins
    Info (21059): Implemented 32 output pins
    Info (21061): Implemented 92 logic cells
    Info (21064): Implemented 8 RAM segments
Info: Quartus Prime Analysis & Synthesis was successful. 0 errors, 3 warnings
    Info: Peak virtual memory: 4855 megabytes
    Info: Processing ended: Wed Mar 18 21:20:28 2026
    Info: Elapsed time: 00:00:13
    Info: Total CPU time (on all processors): 00:00:29


